<?xml version="1.0" encoding="UTF-8"?>
<testsuite xmlns:xsi="http://www.w3.org/2001/XMLSchema-instance" xsi:noNamespaceSchemaLocation="https://maven.apache.org/surefire/maven-surefire-plugin/xsd/surefire-test-report.xsd" name="com.diegotorres.introducao.junit5.MathUtilTest" time="0.102" tests="10" errors="0" skipped="0" failures="0">
  <properties>
[...]
</properties>
  <testcase name="testMdcAPositivoP3" classname="com.diegotorres.introducao.junit5.MathUtilTest" time="0.058"/>
  <testcase name="testMdcP5" classname="com.diegotorres.introducao.junit5.MathUtilTest" time="0"/>
  <testcase name="testMdcP6" classname="com.diegotorres.introducao.junit5.MathUtilTest" time="0.002"/>
  <testcase name="testMdcAParP1" classname="com.diegotorres.introducao.junit5.MathUtilTest" time="0.001"/>
  <testcase name="testMdcMParP4" classname="com.diegotorres.introducao.junit5.MathUtilTest" time="0.002"/>
  <testcase name="testMdcTudoNegativoP7" classname="com.diegotorres.introducao.junit5.MathUtilTest" time="0.001"/>
  <testcase name="testMdcParesP2" classname="com.diegotorres.introducao.junit5.MathUtilTest" time="0.002"/>
  <testcase name="testMdcAImparP1" classname="com.diegotorres.introducao.junit5.MathUtilTest" time="0.001"/>
  <testcase name="testMdcP51" classname="com.diegotorres.introducao.junit5.MathUtilTest" time="0.001"/>
  <testcase name="testMdcANegativoP3" classname="com.diegotorres.introducao.junit5.MathUtilTest" time="0.001"/>
</testsuite>